Determining if the pthread_create exist failed with the following output:
Change Dir: /home/figarola/Escritorio/MAN_class/ManipulatorsFeb2022-Students/24_02_2022/ws/build/CMakeFiles/CMakeTmp

Run Build Command:"/usr/bin/make" "cmTC_163ee/fast"
/usr/bin/make -f CMakeFiles/cmTC_163ee.dir/build.make CMakeFiles/cmTC_163ee.dir/build
make[1]: se entra en el directorio '/home/figarola/Escritorio/MAN_class/ManipulatorsFeb2022-Students/24_02_2022/ws/build/CMakeFiles/CMakeTmp'
Building C object CMakeFiles/cmTC_163ee.dir/CheckSymbolExists.c.o
/usr/bin/cc    -o CMakeFiles/cmTC_163ee.dir/CheckSymbolExists.c.o   -c /home/figarola/Escritorio/MAN_class/ManipulatorsFeb2022-Students/24_02_2022/ws/build/CMakeFiles/CMakeTmp/CheckSymbolExists.c
Linking C executable cmTC_163ee
/usr/bin/cmake -E cmake_link_script CMakeFiles/cmTC_163ee.dir/link.txt --verbose=1
/usr/bin/cc      -rdynamic CMakeFiles/cmTC_163ee.dir/CheckSymbolExists.c.o  -o cmTC_163ee 
CMakeFiles/cmTC_163ee.dir/CheckSymbolExists.c.o: En la función `main':
CheckSymbolExists.c:(.text+0x1b): referencia a `pthread_create' sin definir
collect2: error: ld returned 1 exit status
CMakeFiles/cmTC_163ee.dir/build.make:97: fallo en las instrucciones para el objetivo 'cmTC_163ee'
make[1]: *** [cmTC_163ee] Error 1
make[1]: se sale del directorio '/home/figarola/Escritorio/MAN_class/ManipulatorsFeb2022-Students/24_02_2022/ws/build/CMakeFiles/CMakeTmp'
Makefile:126: fallo en las instrucciones para el objetivo 'cmTC_163ee/fast'
make: *** [cmTC_163ee/fast] Error 2

File /home/figarola/Escritorio/MAN_class/ManipulatorsFeb2022-Students/24_02_2022/ws/build/CMakeFiles/CMakeTmp/CheckSymbolExists.c:
/* */
#include <pthread.h>

int main(int argc, char** argv)
{
  (void)argv;
#ifndef pthread_create
  return ((int*)(&pthread_create))[argc];
#else
  (void)argc;
  return 0;
#endif
}

Determining if the function pthread_create exists in the pthreads failed with the following output:
Change Dir: /home/figarola/Escritorio/MAN_class/ManipulatorsFeb2022-Students/24_02_2022/ws/build/CMakeFiles/CMakeTmp

Run Build Command:"/usr/bin/make" "cmTC_5e827/fast"
/usr/bin/make -f CMakeFiles/cmTC_5e827.dir/build.make CMakeFiles/cmTC_5e827.dir/build
make[1]: se entra en el directorio '/home/figarola/Escritorio/MAN_class/ManipulatorsFeb2022-Students/24_02_2022/ws/build/CMakeFiles/CMakeTmp'
Building C object CMakeFiles/cmTC_5e827.dir/CheckFunctionExists.c.o
/usr/bin/cc   -DCHECK_FUNCTION_EXISTS=pthread_create   -o CMakeFiles/cmTC_5e827.dir/CheckFunctionExists.c.o   -c /usr/share/cmake-3.10/Modules/CheckFunctionExists.c
Linking C executable cmTC_5e827
/usr/bin/cmake -E cmake_link_script CMakeFiles/cmTC_5e827.dir/link.txt --verbose=1
/usr/bin/cc  -DCHECK_FUNCTION_EXISTS=pthread_create    -rdynamic CMakeFiles/cmTC_5e827.dir/CheckFunctionExists.c.o  -o cmTC_5e827 -lpthreads 
/usr/bin/ld: no se puede encontrar -lpthreads
collect2: error: ld returned 1 exit status
CMakeFiles/cmTC_5e827.dir/build.make:97: fallo en las instrucciones para el objetivo 'cmTC_5e827'
make[1]: *** [cmTC_5e827] Error 1
make[1]: se sale del directorio '/home/figarola/Escritorio/MAN_class/ManipulatorsFeb2022-Students/24_02_2022/ws/build/CMakeFiles/CMakeTmp'
Makefile:126: fallo en las instrucciones para el objetivo 'cmTC_5e827/fast'
make: *** [cmTC_5e827/fast] Error 2


