Determining if the pthread_create exist failed with the following output:
Change Dir: /home/figarola/Escritorio/MAN_class/ManipulatorsFeb2022-Students/17_02_2022/catkin_A2_template/build/CMakeFiles/CMakeTmp

Run Build Command:"/usr/bin/make" "cmTC_9fc8a/fast"
/usr/bin/make -f CMakeFiles/cmTC_9fc8a.dir/build.make CMakeFiles/cmTC_9fc8a.dir/build
make[1]: se entra en el directorio '/home/figarola/Escritorio/MAN_class/ManipulatorsFeb2022-Students/17_02_2022/catkin_A2_template/build/CMakeFiles/CMakeTmp'
Building C object CMakeFiles/cmTC_9fc8a.dir/CheckSymbolExists.c.o
/usr/bin/cc    -o CMakeFiles/cmTC_9fc8a.dir/CheckSymbolExists.c.o   -c /home/figarola/Escritorio/MAN_class/ManipulatorsFeb2022-Students/17_02_2022/catkin_A2_template/build/CMakeFiles/CMakeTmp/CheckSymbolExists.c
Linking C executable cmTC_9fc8a
/usr/bin/cmake -E cmake_link_script CMakeFiles/cmTC_9fc8a.dir/link.txt --verbose=1
/usr/bin/cc      -rdynamic CMakeFiles/cmTC_9fc8a.dir/CheckSymbolExists.c.o  -o cmTC_9fc8a 
CMakeFiles/cmTC_9fc8a.dir/CheckSymbolExists.c.o: En la función `main':
CheckSymbolExists.c:(.text+0x1b): referencia a `pthread_create' sin definir
collect2: error: ld returned 1 exit status
CMakeFiles/cmTC_9fc8a.dir/build.make:97: fallo en las instrucciones para el objetivo 'cmTC_9fc8a'
make[1]: *** [cmTC_9fc8a] Error 1
make[1]: se sale del directorio '/home/figarola/Escritorio/MAN_class/ManipulatorsFeb2022-Students/17_02_2022/catkin_A2_template/build/CMakeFiles/CMakeTmp'
Makefile:126: fallo en las instrucciones para el objetivo 'cmTC_9fc8a/fast'
make: *** [cmTC_9fc8a/fast] Error 2

File /home/figarola/Escritorio/MAN_class/ManipulatorsFeb2022-Students/17_02_2022/catkin_A2_template/build/CMakeFiles/CMakeTmp/CheckSymbolExists.c:
/* */
#include <pthread.h>

int main(int argc, char** argv)
{
  (void)argv;
#ifndef pthread_create
  return ((int*)(&pthread_create))[argc];
#else
  (void)argc;
  return 0;
#endif
}

Determining if the function pthread_create exists in the pthreads failed with the following output:
Change Dir: /home/figarola/Escritorio/MAN_class/ManipulatorsFeb2022-Students/17_02_2022/catkin_A2_template/build/CMakeFiles/CMakeTmp

Run Build Command:"/usr/bin/make" "cmTC_898b5/fast"
/usr/bin/make -f CMakeFiles/cmTC_898b5.dir/build.make CMakeFiles/cmTC_898b5.dir/build
make[1]: se entra en el directorio '/home/figarola/Escritorio/MAN_class/ManipulatorsFeb2022-Students/17_02_2022/catkin_A2_template/build/CMakeFiles/CMakeTmp'
Building C object CMakeFiles/cmTC_898b5.dir/CheckFunctionExists.c.o
/usr/bin/cc   -DCHECK_FUNCTION_EXISTS=pthread_create   -o CMakeFiles/cmTC_898b5.dir/CheckFunctionExists.c.o   -c /usr/share/cmake-3.10/Modules/CheckFunctionExists.c
Linking C executable cmTC_898b5
/usr/bin/cmake -E cmake_link_script CMakeFiles/cmTC_898b5.dir/link.txt --verbose=1
/usr/bin/cc  -DCHECK_FUNCTION_EXISTS=pthread_create    -rdynamic CMakeFiles/cmTC_898b5.dir/CheckFunctionExists.c.o  -o cmTC_898b5 -lpthreads 
/usr/bin/ld: no se puede encontrar -lpthreads
collect2: error: ld returned 1 exit status
CMakeFiles/cmTC_898b5.dir/build.make:97: fallo en las instrucciones para el objetivo 'cmTC_898b5'
make[1]: *** [cmTC_898b5] Error 1
make[1]: se sale del directorio '/home/figarola/Escritorio/MAN_class/ManipulatorsFeb2022-Students/17_02_2022/catkin_A2_template/build/CMakeFiles/CMakeTmp'
Makefile:126: fallo en las instrucciones para el objetivo 'cmTC_898b5/fast'
make: *** [cmTC_898b5/fast] Error 2


